17:10:51 - Adding awesomefont for cmd symbols...
17:10:51 - Python already installed...
17:10:51 - Fonts ready...
17:10:51 - Backed up the default zshrc file...
17:10:51 - .zshrc created!
17:12:02 - Adding awesomefont for cmd symbols...
17:12:02 - Python already installed...
17:12:02 - Fonts ready...
17:12:02 - Backed up the default zshrc file...
17:12:02 - .zshrc created!
17:16:48 - Adding awesomefont for cmd symbols...
17:16:48 - Python already installed...
17:16:48 - Fonts ready...
17:16:48 - Backed up the default zshrc file...
17:16:48 - .zshrc created!
17:17:47 - Adding awesomefont for cmd symbols...
17:17:47 - Python already installed...
17:17:47 - Fonts ready...
17:17:47 - Backed up the default zshrc file...
17:17:47 - .zshrc created!
17:21:34 - Adding awesomefont for cmd symbols...
17:21:34 - Python already installed...
17:21:34 - Fonts ready...
17:21:34 - Backed up the default zshrc file...
17:21:34 - .zshrc created!
Installing zsh and stuff...
17:26:42 - Adding awesomefont for cmd symbols...
17:26:42 - Python already installed...
17:26:42 - Fonts ready...
17:26:42 - Backed up the default zshrc file...
17:26:42 - .zshrc created!
Succesfully installed zsh and stuff...
Installing zsh and stuff...
17:32:12 - Adding awesomefont for cmd symbols...
17:32:12 - Python already installed...
17:32:12 - Fonts ready...
17:32:12 - Backed up the default zshrc file...
17:32:12 - .zshrc created!
Succesfully installed zsh and stuff...
Installing zsh and stuff...
17:49:45 - Adding awesomefont for cmd symbols...
17:49:45 - Python already installed...
17:49:45 - Fonts ready...
17:49:45 - Backed up the default zshrc file...
17:49:45 - .zshrc created!
Succesfully installed zsh and stuff...
